2.22s$ npm install
before_script
10.18s$ npm install gulp
---npm WARN deprecated graceful-fs@3.0.8: graceful-fs v3.0.0 and before will fail on node releases >= v7.0. Please update to graceful-fs@^4.0.0 as soon as possible. Use 'npm ls graceful-fs' to find it in the tree.
/\/npm WARN deprecated minimatch@2.0.10: Please update to minimatch 3.0.2 or higher to avoid a RegExp DoS issue
-\|/-|npm WARN deprecated minimatch@0.2.14: Please update to minimatch 3.0.2 or higher to avoid a RegExp DoS issue
/npm WARN deprecated lodash@1.0.2: lodash@<3.0.0 is no longer maintained. Upgrade to lodash@^4.0.0.
|--/npm WARN deprecated graceful-fs@1.2.3: graceful-fs v3.0.0 and before will fail on node releases >= v7.0. Please update to graceful-fs@^4.0.0 as soon as possible. Use 'npm ls graceful-fs' to find it in the tree.
-gulp@3.9.1 node_modules/gulp
├── pretty-hrtime@1.0.2
├── interpret@1.0.1
├── deprecated@0.0.1
├── archy@1.0.0
├── minimist@1.2.0
├── tildify@1.2.0 (os-homedir@1.0.1)
├── v8flags@2.0.11 (user-home@1.1.1)
├── semver@4.3.6
├── chalk@1.1.3 (escape-string-regexp@1.0.5, supports-color@2.0.0, ansi-styles@2.2.1, has-ansi@2.0.0, strip-ansi@3.0.1)
├── orchestrator@0.3.7 (stream-consume@0.1.0, sequencify@0.0.7, end-of-stream@0.1.5)
├── liftoff@2.2.1 (extend@2.0.1, rechoir@0.6.2, flagged-respawn@0.3.2, resolve@1.1.7, findup-sync@0.3.0)
├── vinyl-fs@0.3.14 (graceful-fs@3.0.8, strip-bom@1.0.0, defaults@1.0.3, vinyl@0.4.6, mkdirp@0.5.1, through2@0.6.5, glob-stream@3.1.18, glob-watcher@0.0.6)
└── gulp-util@3.0.7 (array-differ@1.0.0, lodash._reescape@3.0.0, lodash._reinterpolate@3.0.0, lodash._reevaluate@3.0.0, array-uniq@1.0.3, beeper@1.1.0, object-assign@3.0.0, replace-ext@0.0.1, has-gulplog@0.1.0, fancy-log@1.2.0, gulplog@1.0.0, lodash.template@3.6.2, vinyl@0.5.3, through2@2.0.1, multipipe@0.1.2, dateformat@1.0.12)
0.20s$ gulp dist
[13:48:30] No gulpfile found
The command "gulp dist" exited with 1.



0.04s$ git push -f "https://${GH_TOKEN}@${GH_REF}" master:master
fatal: unable to access 'https://@CloudsDocker/cloudsdocker.github.io/': Couldn't resolve host 'CloudsDocker'


Setting environment variables from .travis.yml
$ export GH_REF=CloudsDocker/cloudsdocker.github.io
$ export GH_Token=[secure]


sed -i 's/Title:/title:/g' *.md


phray@phray-VirtualBox ~/dev/pa $ diff -rq ~/dev/pa ~/dev/hexo/myblog/source/_posts
Files /home/phray/dev/pa/2016-06-12-JavaScript-tips.md and /home/phray/dev/hexo/myblog/source/_posts/2016-06-12-JavaScript-tips.md differ
diff /home/phray/dev/pa/2016-06-13-github-pages.md  /home/phray/dev/hexo/myblog/source/_posts/2016-06-13-github-pages.md 
diff /home/phray/dev/pa/2016-06-13-RQFII.md  /home/phray/dev/hexo/myblog/source/_posts/2016-06-13-RQFII.md 

